Base path: C:/Program Files/Unity/Editor/Data
Cmd: getPlatforms
Cmd: compileSnippet
  api=4 type=0 insize=1019 outsize=2054 kw=DIRECTIONAL _NORMALMAP pd=UNITY_ENABLE_REFLECTION_BUFFERS UNITY_PBS_USE_BRDF1 UNITY_SPECCUBE_BOX_PROJECTION UNITY_SPECCUBE_BLENDING UNITY_HARDWARE_TIER3 UNITY_COLORSPACE_GAMMA ok=1
Cmd: compileSnippet
  api=4 type=0 insize=1019 outsize=3262 kw=DIRECTIONAL SHADOWS_SCREEN VERTEXLIGHT_ON _NORMALMAP pd=UNITY_NO_SCREENSPACE_SHADOWS UNITY_ENABLE_REFLECTION_BUFFERS UNITY_PBS_USE_BRDF3 UNITY_HARDWARE_TIER1 UNITY_COLORSPACE_GAMMA ok=1
Cmd: compileSnippet
  api=4 type=1 insize=1019 outsize=6350 kw=DIRECTIONAL _NORMALMAP pd=UNITY_ENABLE_REFLECTION_BUFFERS UNITY_PBS_USE_BRDF1 UNITY_SPECCUBE_BOX_PROJECTION UNITY_SPECCUBE_BLENDING UNITY_HARDWARE_TIER3 UNITY_COLORSPACE_GAMMA ok=1
Cmd: compileSnippet
  api=4 type=0 insize=943 outsize=1758 kw=DIRECTIONAL _NORMALMAP pd=UNITY_ENABLE_REFLECTION_BUFFERS UNITY_PBS_USE_BRDF1 UNITY_SPECCUBE_BOX_PROJECTION UNITY_SPECCUBE_BLENDING UNITY_HARDWARE_TIER3 UNITY_COLORSPACE_GAMMA ok=1
Cmd: compileSnippet
  api=4 type=0 insize=943 outsize=2098 kw=POINT_COOKIE _NORMALMAP pd=UNITY_NO_SCREENSPACE_SHADOWS UNITY_ENABLE_REFLECTION_BUFFERS UNITY_PBS_USE_BRDF3 UNITY_HARDWARE_TIER1 UNITY_COLORSPACE_GAMMA ok=1
Cmd: compileSnippet
  api=4 type=0 insize=943 outsize=2302 kw=SPOT SHADOWS_DEPTH _NORMALMAP pd=UNITY_ENABLE_REFLECTION_BUFFERS UNITY_PBS_USE_BRDF1 UNITY_SPECCUBE_BOX_PROJECTION UNITY_SPECCUBE_BLENDING UNITY_HARDWARE_TIER2 UNITY_COLORSPACE_GAMMA ok=1
Cmd: compileSnippet
  api=4 type=0 insize=943 outsize=2170 kw=POINT_COOKIE SHADOWS_CUBE _NORMALMAP pd=UNITY_NO_SCREENSPACE_SHADOWS UNITY_ENABLE_REFLECTION_BUFFERS UNITY_PBS_USE_BRDF3 UNITY_HARDWARE_TIER1 UNITY_COLORSPACE_GAMMA ok=1
Cmd: compileSnippet
  api=4 type=0 insize=943 outsize=2170 kw=POINT_COOKIE SHADOWS_CUBE SHADOWS_SOFT _NORMALMAP pd=UNITY_NO_SCREENSPACE_SHADOWS UNITY_ENABLE_REFLECTION_BUFFERS UNITY_PBS_USE_BRDF3 UNITY_HARDWARE_TIER1 UNITY_COLORSPACE_GAMMA ok=1
Cmd: compileSnippet
  api=4 type=1 insize=943 outsize=2142 kw=SPOT _NORMALMAP pd=UNITY_NO_SCREENSPACE_SHADOWS UNITY_ENABLE_REFLECTION_BUFFERS UNITY_PBS_USE_BRDF3 UNITY_HARDWARE_TIER1 UNITY_COLORSPACE_GAMMA ok=1
Cmd: compileSnippet
  api=4 type=1 insize=943 outsize=1990 kw=POINT_COOKIE _NORMALMAP pd=UNITY_NO_SCREENSPACE_SHADOWS UNITY_ENABLE_REFLECTION_BUFFERS UNITY_PBS_USE_BRDF3 UNITY_HARDWARE_TIER1 UNITY_COLORSPACE_GAMMA ok=1
Cmd: compileSnippet
  api=4 type=1 insize=943 outsize=2398 kw=SPOT SHADOWS_DEPTH _NORMALMAP pd=UNITY_NO_SCREENSPACE_SHADOWS UNITY_ENABLE_REFLECTION_BUFFERS UNITY_PBS_USE_BRDF3 UNITY_HARDWARE_TIER1 UNITY_COLORSPACE_GAMMA ok=1
Cmd: compileSnippet
  api=4 type=1 insize=943 outsize=3290 kw=DIRECTIONAL_COOKIE SHADOWS_SCREEN _NORMALMAP pd=UNITY_ENABLE_REFLECTION_BUFFERS UNITY_PBS_USE_BRDF1 UNITY_SPECCUBE_BOX_PROJECTION UNITY_SPECCUBE_BLENDING UNITY_HARDWARE_TIER3 UNITY_COLORSPACE_GAMMA ok=1
Cmd: compileSnippet
  api=4 type=1 insize=943 outsize=4038 kw=SPOT SHADOWS_DEPTH SHADOWS_SOFT _NORMALMAP pd=UNITY_ENABLE_REFLECTION_BUFFERS UNITY_PBS_USE_BRDF1 UNITY_SPECCUBE_BOX_PROJECTION UNITY_SPECCUBE_BLENDING UNITY_HARDWARE_TIER3 UNITY_COLORSPACE_GAMMA ok=1
Cmd: compileSnippet
  api=4 type=0 insize=1148 outsize=2054 kw=_NORMALMAP pd=UNITY_NO_SCREENSPACE_SHADOWS UNITY_ENABLE_REFLECTION_BUFFERS UNITY_PBS_USE_BRDF3 UNITY_HARDWARE_TIER1 UNITY_COLORSPACE_GAMMA ok=1
Cmd: compileSnippet
  api=4 type=0 insize=1148 outsize=2054 kw=DIRLIGHTMAP_SEPARATE _NORMALMAP pd=UNITY_ENABLE_REFLECTION_BUFFERS UNITY_PBS_USE_BRDF1 UNITY_SPECCUBE_BOX_PROJECTION UNITY_SPECCUBE_BLENDING UNITY_HARDWARE_TIER3 UNITY_COLORSPACE_GAMMA ok=1
Cmd: compileSnippet
  api=4 type=0 insize=1148 outsize=2054 kw=DIRLIGHTMAP_SEPARATE UNITY_HDR_ON _NORMALMAP pd=UNITY_ENABLE_REFLECTION_BUFFERS UNITY_PBS_USE_BRDF1 UNITY_SPECCUBE_BOX_PROJECTION UNITY_SPECCUBE_BLENDING UNITY_HARDWARE_TIER2 UNITY_COLORSPACE_GAMMA ok=1
Cmd: compileSnippet
  api=4 type=1 insize=1148 outsize=2830 kw=_NORMALMAP pd=UNITY_ENABLE_REFLECTION_BUFFERS UNITY_PBS_USE_BRDF1 UNITY_SPECCUBE_BOX_PROJECTION UNITY_SPECCUBE_BLENDING UNITY_HARDWARE_TIER2 UNITY_COLORSPACE_GAMMA ok=1
Cmd: compileSnippet
  api=4 type=1 insize=1148 outsize=2830 kw=DIRLIGHTMAP_SEPARATE _NORMALMAP pd=UNITY_ENABLE_REFLECTION_BUFFERS UNITY_PBS_USE_BRDF1 UNITY_SPECCUBE_BOX_PROJECTION UNITY_SPECCUBE_BLENDING UNITY_HARDWARE_TIER3 UNITY_COLORSPACE_GAMMA ok=1
Cmd: compileSnippet
  api=4 type=1 insize=1148 outsize=2806 kw=DIRLIGHTMAP_SEPARATE UNITY_HDR_ON _NORMALMAP pd=UNITY_ENABLE_REFLECTION_BUFFERS UNITY_PBS_USE_BRDF1 UNITY_SPECCUBE_BOX_PROJECTION UNITY_SPECCUBE_BLENDING UNITY_HARDWARE_TIER2 UNITY_COLORSPACE_GAMMA ok=1
Cmd: compileSnippet
  api=4 type=0 insize=1099 outsize=2794 kw=DIRECTIONAL SHADOWS_SCREEN _NORMALMAP pd=UNITY_NO_SCREENSPACE_SHADOWS UNITY_ENABLE_REFLECTION_BUFFERS UNITY_PBS_USE_BRDF3 UNITY_HARDWARE_TIER1 UNITY_COLORSPACE_GAMMA ok=1
Cmd: compileSnippet
  api=4 type=0 insize=1099 outsize=3174 kw=DIRECTIONAL VERTEXLIGHT_ON _NORMALMAP pd=UNITY_ENABLE_REFLECTION_BUFFERS UNITY_PBS_USE_BRDF1 UNITY_SPECCUBE_BOX_PROJECTION UNITY_SPECCUBE_BLENDING UNITY_HARDWARE_TIER3 UNITY_COLORSPACE_GAMMA ok=1
Cmd: compileSnippet
  api=4 type=1 insize=1099 outsize=2378 kw=DIRECTIONAL SHADOWS_SCREEN _NORMALMAP pd=UNITY_ENABLE_REFLECTION_BUFFERS UNITY_PBS_USE_BRDF1 UNITY_SPECCUBE_BOX_PROJECTION UNITY_SPECCUBE_BLENDING UNITY_HARDWARE_TIER2 UNITY_COLORSPACE_GAMMA ok=1
Cmd: compileSnippet
  api=4 type=0 insize=958 outsize=2250 kw=POINT _NORMALMAP pd=UNITY_ENABLE_REFLECTION_BUFFERS UNITY_PBS_USE_BRDF1 UNITY_SPECCUBE_BOX_PROJECTION UNITY_SPECCUBE_BLENDING UNITY_HARDWARE_TIER3 UNITY_COLORSPACE_GAMMA ok=1
Cmd: compileSnippet
  api=4 type=0 insize=958 outsize=1834 kw=DIRECTIONAL _NORMALMAP pd=UNITY_ENABLE_REFLECTION_BUFFERS UNITY_PBS_USE_BRDF1 UNITY_SPECCUBE_BOX_PROJECTION UNITY_SPECCUBE_BLENDING UNITY_HARDWARE_TIER3 UNITY_COLORSPACE_GAMMA ok=1
Cmd: compileSnippet
  api=4 type=0 insize=958 outsize=2250 kw=SPOT _NORMALMAP pd=UNITY_ENABLE_REFLECTION_BUFFERS UNITY_PBS_USE_BRDF1 UNITY_SPECCUBE_BOX_PROJECTION UNITY_SPECCUBE_BLENDING UNITY_HARDWARE_TIER3 UNITY_COLORSPACE_GAMMA ok=1
Cmd: compileSnippet
  api=4 type=0 insize=958 outsize=2250 kw=POINT_COOKIE _NORMALMAP pd=UNITY_ENABLE_REFLECTION_BUFFERS UNITY_PBS_USE_BRDF1 UNITY_SPECCUBE_BOX_PROJECTION UNITY_SPECCUBE_BLENDING UNITY_HARDWARE_TIER3 UNITY_COLORSPACE_GAMMA ok=1
Cmd: compileSnippet
  api=4 type=0 insize=958 outsize=2174 kw=DIRECTIONAL_COOKIE _NORMALMAP pd=UNITY_NO_SCREENSPACE_SHADOWS UNITY_ENABLE_REFLECTION_BUFFERS UNITY_PBS_USE_BRDF3 UNITY_HARDWARE_TIER1 UNITY_COLORSPACE_GAMMA ok=1
Cmd: compileSnippet
  api=8 type=0 insize=958 outsize=3162 kw=DIRECTIONAL_COOKIE _NORMALMAP pd=UNITY_NO_SCREENSPACE_SHADOWS UNITY_ENABLE_REFLECTION_BUFFERS UNITY_PBS_USE_BRDF1 UNITY_SPECCUBE_BOX_PROJECTION UNITY_SPECCUBE_BLENDING SHADER_API_MOBILE UNITY_HARDWARE_TIER3 UNITY_COLORSPACE_GAMMA ok=1
Cmd: compileSnippet
  api=4 type=0 insize=958 outsize=2322 kw=POINT SHADOWS_CUBE _NORMALMAP pd=UNITY_ENABLE_REFLECTION_BUFFERS UNITY_PBS_USE_BRDF1 UNITY_SPECCUBE_BOX_PROJECTION UNITY_SPECCUBE_BLENDING UNITY_HARDWARE_TIER2 UNITY_COLORSPACE_GAMMA ok=1
Cmd: compileSnippet
  api=4 type=1 insize=958 outsize=1574 kw=POINT _NORMALMAP pd=UNITY_ENABLE_REFLECTION_BUFFERS UNITY_PBS_USE_BRDF1 UNITY_SPECCUBE_BOX_PROJECTION UNITY_SPECCUBE_BLENDING UNITY_HARDWARE_TIER2 UNITY_COLORSPACE_GAMMA ok=1
Cmd: compileSnippet
  api=4 type=1 insize=958 outsize=1818 kw=SPOT _NORMALMAP pd=UNITY_NO_SCREENSPACE_SHADOWS UNITY_ENABLE_REFLECTION_BUFFERS UNITY_PBS_USE_BRDF3 UNITY_HARDWARE_TIER1 UNITY_COLORSPACE_GAMMA ok=1
Cmd: compileSnippet
  api=8 type=1 insize=958 outsize=2766 kw=SPOT _NORMALMAP pd=UNITY_NO_SCREENSPACE_SHADOWS UNITY_ENABLE_REFLECTION_BUFFERS UNITY_PBS_USE_BRDF1 UNITY_SPECCUBE_BOX_PROJECTION UNITY_SPECCUBE_BLENDING SHADER_API_MOBILE UNITY_HARDWARE_TIER3 UNITY_COLORSPACE_GAMMA ok=1
Cmd: compileSnippet
  api=8 type=1 insize=958 outsize=2366 kw=DIRECTIONAL_COOKIE _NORMALMAP pd=UNITY_NO_SCREENSPACE_SHADOWS UNITY_ENABLE_REFLECTION_BUFFERS UNITY_PBS_USE_BRDF1 UNITY_SPECCUBE_BOX_PROJECTION UNITY_SPECCUBE_BLENDING SHADER_API_MOBILE UNITY_HARDWARE_TIER3 UNITY_COLORSPACE_GAMMA ok=1
Cmd: compileSnippet
  api=4 type=1 insize=958 outsize=1702 kw=DIRECTIONAL_COOKIE SHADOWS_SCREEN _NORMALMAP pd=UNITY_ENABLE_REFLECTION_BUFFERS UNITY_PBS_USE_BRDF1 UNITY_SPECCUBE_BOX_PROJECTION UNITY_SPECCUBE_BLENDING UNITY_HARDWARE_TIER3 UNITY_COLORSPACE_GAMMA ok=1
Cmd: compileSnippet
  api=4 type=1 insize=958 outsize=2002 kw=POINT_COOKIE SHADOWS_CUBE _NORMALMAP pd=UNITY_ENABLE_REFLECTION_BUFFERS UNITY_PBS_USE_BRDF1 UNITY_SPECCUBE_BOX_PROJECTION UNITY_SPECCUBE_BLENDING UNITY_HARDWARE_TIER3 UNITY_COLORSPACE_GAMMA ok=1
